<?xml version="1.0" encoding="UTF-8"?>
<testsuite xmlns:xsi="http://www.w3.org/2001/XMLSchema-instance" xsi:noNamespaceSchemaLocation="https://maven.apache.org/surefire/maven-surefire-plugin/xsd/surefire-test-report.xsd" version="3.0.2" name="app.services.PlanningStoriesTest" time="0.506" tests="24" errors="0" skipped="0" failures="0">
  <properties>
[...]
</properties>
  <testcase name="taskDetailsCompletionAndSummarySurviveReloadAndDeletion" classname="app.services.PlanningStoriesTest" time="0.132">
    <system-err><![CDATA[[main] INFO com.zaxxer.hikari.HikariDataSource - HikariPool-2 - Starting...
[main] INFO com.zaxxer.hikari.pool.HikariPool - HikariPool-2 - Added connection conn10: url=jdbc:h2:mem:testdb user=
[main] INFO com.zaxxer.hikari.HikariDataSource - HikariPool-2 - Start completed.
sep. 17, 2026 9:29:20 PM org.hibernate.engine.jdbc.dialect.internal.DialectFactoryImpl constructDialect
WARN: HHH90000025: H2Dialect does not need to be specified explicitly using 'hibernate.dialect' (remove the property setting and it will be selected by default)
sep. 17, 2026 9:29:20 PM org.hibernate.engine.jdbc.env.internal.JdbcEnvironmentInitiator logConnectionInfo
INFO: HHH10001005: Database info:
	Database JDBC URL [jdbc:h2:mem:testdb;DB_CLOSE_DELAY=-1]
	Database driver: org.h2.Driver
	Database dialect: H2Dialect
	Database version: 2.2.224
	Default catalog/schema: TESTDB/PUBLIC
	Autocommit mode: true
	Isolation level: READ_COMMITTED
	JDBC fetch size: 100
	Pool: HikariCPConnectionProvider
	Minimum pool size: 10
	Maximum pool size: 10
sep. 17, 2026 9:29:20 PM org.hibernate.engine.transaction.jta.platform.internal.JtaPlatformInitiator initiateService
INFO: HHH000489: No JTA platform available (set 'hibernate.transaction.jta.platform' to enable JTA platform integration)
]]></system-err>
  </testcase>
  <testcase name="invalidTaskEditPreservesExistingDetails(String, String)[1]" classname="app.services.PlanningStoriesTest" time="0.018">
    <system-err><![CDATA[[main] ERROR app.exceptions.ApiException - ApiException (code=400): You must enter a task title.
[main] ERROR app.exceptions.ApiException - ApiException (code=400): You must enter a task title.
]]></system-err>
  </testcase>
  <testcase name="invalidTaskEditPreservesExistingDetails(String, String)[2]" classname="app.services.PlanningStoriesTest" time="0.011">
    <system-err><![CDATA[[main] ERROR app.exceptions.ApiException - ApiException (code=400): Price must not be negative.
[main] ERROR app.exceptions.ApiException - ApiException (code=400): Price must not be negative.
]]></system-err>
  </testcase>
  <testcase name="invalidTaskEditPreservesExistingDetails(String, String)[3]" classname="app.services.PlanningStoriesTest" time="0.009">
    <system-err><![CDATA[[main] ERROR app.exceptions.ApiException - ApiException (code=400): Price must be a number.
[main] ERROR app.exceptions.ApiException - ApiException (code=400): Price must be a number.
]]></system-err>
  </testcase>
  <testcase name="invalidTaskEditPreservesExistingDetails(String, String)[4]" classname="app.services.PlanningStoriesTest" time="0.008">
    <system-err><![CDATA[[main] ERROR app.exceptions.ApiException - ApiException (code=400): Price must be a number.
[main] ERROR app.exceptions.ApiException - ApiException (code=400): Price must be a number.
]]></system-err>
  </testcase>
  <testcase name="invalidTaskEditPreservesExistingDetails(String, String)[5]" classname="app.services.PlanningStoriesTest" time="0.009">
    <system-err><![CDATA[[main] ERROR app.exceptions.ApiException - ApiException (code=400): Price must be a number.
[main] ERROR app.exceptions.ApiException - ApiException (code=400): Price must be a number.
]]></system-err>
  </testcase>
  <testcase name="invalidTaskEditPreservesExistingDetails(String, String)[6]" classname="app.services.PlanningStoriesTest" time="0.009">
    <system-err><![CDATA[[main] ERROR app.exceptions.ApiException - ApiException (code=400): Estimated hours must not be negative.
[main] ERROR app.exceptions.ApiException - ApiException (code=400): Estimated hours must not be negative.
]]></system-err>
  </testcase>
  <testcase name="invalidTaskEditPreservesExistingDetails(String, String)[7]" classname="app.services.PlanningStoriesTest" time="0.009">
    <system-err><![CDATA[[main] ERROR app.exceptions.ApiException - ApiException (code=400): Estimated hours must be a number.
[main] ERROR app.exceptions.ApiException - ApiException (code=400): Estimated hours must be a number.
]]></system-err>
  </testcase>
  <testcase name="invalidTaskEditPreservesExistingDetails(String, String)[8]" classname="app.services.PlanningStoriesTest" time="0.009">
    <system-err><![CDATA[[main] ERROR app.exceptions.ApiException - ApiException (code=400): Deadline must be a valid date in YYYY-MM-DD format.
[main] ERROR app.exceptions.ApiException - ApiException (code=400): Deadline must be a valid date in YYYY-MM-DD format.
]]></system-err>
  </testcase>
  <testcase name="invalidTaskEditPreservesExistingDetails(String, String)[9]" classname="app.services.PlanningStoriesTest" time="0.008">
    <system-err><![CDATA[[main] ERROR app.exceptions.ApiException - ApiException (code=400): Link must be a valid HTTP or HTTPS URL.
[main] ERROR app.exceptions.ApiException - ApiException (code=400): Link must be a valid HTTP or HTTPS URL.
]]></system-err>
  </testcase>
  <testcase name="invalidTaskEditPreservesExistingDetails(String, String)[10]" classname="app.services.PlanningStoriesTest" time="0.008">
    <system-err><![CDATA[[main] ERROR app.exceptions.ApiException - ApiException (code=400): Link must be a valid HTTP or HTTPS URL.
[main] ERROR app.exceptions.ApiException - ApiException (code=400): Link must be a valid HTTP or HTTPS URL.
]]></system-err>
  </testcase>
  <testcase name="invalidTaskEditPreservesExistingDetails(String, String)[11]" classname="app.services.PlanningStoriesTest" time="0.008">
    <system-err><![CDATA[[main] ERROR app.exceptions.ApiException - ApiException (code=400): Priority must be LOW, MEDIUM or HIGH.
[main] ERROR app.exceptions.ApiException - ApiException (code=400): Priority must be LOW, MEDIUM or HIGH.
]]></system-err>
  </testcase>
  <testcase name="categoryDeletionMovesTasksAndProtectsUncategorized" classname="app.services.PlanningStoriesTest" time="0.026">
    <system-err><![CDATA[[main] ERROR app.exceptions.ApiException - ApiException (code=400): The Uncategorized category cannot be deleted.
[main] ERROR app.exceptions.ApiException - ApiException (code=400): The Uncategorized category cannot be renamed or replaced.
[main] ERROR app.exceptions.ApiException - ApiException (code=400): Uncategorized is a reserved category name.
[main] ERROR app.exceptions.ApiException - ApiException (code=400): You must enter a category title.
]]></system-err>
  </testcase>
  <testcase name="dragCategoriesAndTasksBothDirectionsAndAcrossEmptyAndPopulatedCategories" classname="app.services.PlanningStoriesTest" time="0.025"/>
  <testcase name="invalidWeddingCreateAndEditAreAtomic(String, String)[1]" classname="app.services.PlanningStoriesTest" time="0.005">
    <system-err><![CDATA[[main] ERROR app.exceptions.ApiException - ApiException (code=400): You must enter a wedding title.
[main] ERROR app.exceptions.ApiException - ApiException (code=400): You must enter a wedding title.
]]></system-err>
  </testcase>
  <testcase name="invalidWeddingCreateAndEditAreAtomic(String, String)[2]" classname="app.services.PlanningStoriesTest" time="0.003">
    <system-err><![CDATA[[main] ERROR app.exceptions.ApiException - ApiException (code=400): You must enter a wedding description.
[main] ERROR app.exceptions.ApiException - ApiException (code=400): You must enter a wedding description.
]]></system-err>
  </testcase>
  <testcase name="invalidWeddingCreateAndEditAreAtomic(String, String)[3]" classname="app.services.PlanningStoriesTest" time="0.004">
    <system-err><![CDATA[[main] ERROR app.exceptions.ApiException - ApiException (code=400): date must be a valid date in YYYY-MM-DD format.
[main] ERROR app.exceptions.ApiException - ApiException (code=400): date must be a valid date in YYYY-MM-DD format.
]]></system-err>
  </testcase>
  <testcase name="invalidWeddingCreateAndEditAreAtomic(String, String)[4]" classname="app.services.PlanningStoriesTest" time="0.005">
    <system-err><![CDATA[[main] ERROR app.exceptions.ApiException - ApiException (code=400): budget must not be negative.
[main] ERROR app.exceptions.ApiException - ApiException (code=400): budget must not be negative.
]]></system-err>
  </testcase>
  <testcase name="invalidWeddingCreateAndEditAreAtomic(String, String)[5]" classname="app.services.PlanningStoriesTest" time="0.004">
    <system-err><![CDATA[[main] ERROR app.exceptions.ApiException - ApiException (code=400): budget must be a number.
[main] ERROR app.exceptions.ApiException - ApiException (code=400): budget must be a number.
]]></system-err>
  </testcase>
  <testcase name="invalidWeddingCreateAndEditAreAtomic(String, String)[6]" classname="app.services.PlanningStoriesTest" time="0.003">
    <system-err><![CDATA[[main] ERROR app.exceptions.ApiException - ApiException (code=400): budget must be a number.
[main] ERROR app.exceptions.ApiException - ApiException (code=400): budget must be a number.
]]></system-err>
  </testcase>
  <testcase name="invalidWeddingCreateAndEditAreAtomic(String, String)[7]" classname="app.services.PlanningStoriesTest" time="0.003">
    <system-err><![CDATA[[main] ERROR app.exceptions.ApiException - ApiException (code=400): budget must be a number.
[main] ERROR app.exceptions.ApiException - ApiException (code=400): budget must be a number.
]]></system-err>
  </testcase>
  <testcase name="ownerScopedDaosNeverBypassOwnershipForAdministrators" classname="app.services.PlanningStoriesTest" time="0.024">
    <system-err><![CDATA[[main] ERROR app.exceptions.ApiException - ApiException (code=404): Wedding not found.
[main] ERROR app.exceptions.ApiException - ApiException (code=404): Task not found.
]]></system-err>
  </testcase>
  <testcase name="invalidMovesAndForeignOwnershipCannotChangeData" classname="app.services.PlanningStoriesTest" time="0.019">
    <system-err><![CDATA[[main] ERROR app.exceptions.ApiException - ApiException (code=400): Tasks can only be moved between categories in the same wedding.
[main] ERROR app.exceptions.ApiException - ApiException (code=400): position must be between 0 and 0.
[main] ERROR app.exceptions.ApiException - ApiException (code=400): position must be between 0 and 3.
[main] ERROR app.exceptions.ApiException - ApiException (code=400): position must be between 0 and 0.
[main] ERROR app.exceptions.ApiException - ApiException (code=400): position must be between 0 and 3.
[main] ERROR app.exceptions.ApiException - ApiException (code=400): position must be an integer.
[main] ERROR app.exceptions.ApiException - ApiException (code=400): position must be an integer.
[main] ERROR app.exceptions.ApiException - ApiException (code=404): Wedding not found.
[main] ERROR app.exceptions.ApiException - ApiException (code=404): Category not found.
[main] ERROR app.exceptions.ApiException - ApiException (code=404): Task not found.
[main] ERROR app.exceptions.ApiException - ApiException (code=404): Task not found.
[main] ERROR app.exceptions.ApiException - ApiException (code=404): Task not found.
]]></system-err>
  </testcase>
  <testcase name="weddingDefaultsEditAndCascadeDeletePersist" classname="app.services.PlanningStoriesTest" time="0.013"/>
</testsuite>