<?xml version="1.0" encoding="UTF-8"?>
<testsuite xmlns:xsi="http://www.w3.org/2001/XMLSchema-instance" xsi:noNamespaceSchemaLocation="https://maven.apache.org/surefire/maven-surefire-plugin/xsd/surefire-test-report.xsd" version="3.0.2" name="app.services.PasswordServiceTest" time="0.017" tests="5" errors="0" skipped="0" failures="0">
  <properties>
[...]
</properties>
  <testcase name="passwordWithoutUppercaseShouldThrowApiException" classname="app.services.PasswordServiceTest" time="0.003">
    <system-err><![CDATA[[main] ERROR app.exceptions.ApiException - ApiException (code=400): The password must contain an uppercase letter
]]></system-err>
  </testcase>
  <testcase name="passwordWithoutLowercaseShouldThrowApiException" classname="app.services.PasswordServiceTest" time="0.003">
    <system-err><![CDATA[[main] ERROR app.exceptions.ApiException - ApiException (code=400): The password must contain a lowercase letter
]]></system-err>
  </testcase>
  <testcase name="validPasswordShouldNotThrowApiException" classname="app.services.PasswordServiceTest" time="0.002"/>
  <testcase name="passwordTooShortShouldThrowApiException" classname="app.services.PasswordServiceTest" time="0.003">
    <system-err><![CDATA[[main] ERROR app.exceptions.ApiException - ApiException (code=400): The password must be between 8 and 30 characters
]]></system-err>
  </testcase>
  <testcase name="passwordWithoutSpecialCharacterShouldThrowApiException" classname="app.services.PasswordServiceTest" time="0.001">
    <system-err><![CDATA[[main] ERROR app.exceptions.ApiException - ApiException (code=400): The password must contain a special character
]]></system-err>
  </testcase>
</testsuite>